<?xml version="1.0" encoding="UTF-8"?>
<!-- Generated by org.testng.reporters.JUnitReportReporter -->
<testsuite hostname="CPP00120269A" name="com.cuong.automation.Automation" tests="2" failures="0" timestamp="19 May 2017 09:15:59 GMT" time="12.615" errors="0">
  <testcase name="loginScreen" time="6.186" classname="com.cuong.automation.Automation"/>
  <testcase name="getData" time="6.429" classname="com.cuong.automation.Automation"/>
</testsuite> <!-- com.cuong.automation.Automation -->
